[debug] [2021-03-07T21:43:11.990Z] ----------------------------------------------------------------------
[debug] [2021-03-07T21:43:11.993Z] Command:       C:\Program Files\nodejs\node.exe C:\Users\Al Noor Aman Comput\AppData\Roaming\npm\node_modules\firebase-tools\lib\bin\firebase.js init
[debug] [2021-03-07T21:43:11.994Z] CLI Version:   9.5.0
[debug] [2021-03-07T21:43:11.994Z] Platform:      win32
[debug] [2021-03-07T21:43:11.994Z] Node Version:  v12.18.3
[debug] [2021-03-07T21:43:11.995Z] Time:          Mon Mar 08 2021 02:43:11 GMT+0500 (Pakistan Standard Time)
[debug] [2021-03-07T21:43:11.995Z] ----------------------------------------------------------------------
[debug] [2021-03-07T21:43:11.995Z] 
[debug] [2021-03-07T21:43:12.004Z] > command requires scopes: ["email","openid","https://www.googleapis.com/auth/cloudplatformprojects.readonly","https://www.googleapis.com/auth/firebase","https://www.googleapis.com/auth/cloud-platform"]
[debug] [2021-03-07T21:43:12.005Z] > authorizing via signed-in user
[info] 
     ######## #### ########  ######## ########     ###     ######  ########
     ##        ##  ##     ## ##       ##     ##  ##   ##  ##       ##
     ######    ##  ########  ######   ########  #########  ######  ######
     ##        ##  ##    ##  ##       ##     ## ##     ##       ## ##
     ##       #### ##     ## ######## ########  ##     ##  ######  ########

You're about to initialize a Firebase project in this directory:

  C:\Users\Al Noor Aman Comput

Before we get started, keep in mind:

  * You are initializing in an existing Firebase project directory

